12/27/2025, 1:39:05 AM UTC 0: 

----------------------------------------------
12/27/2025, 1:39:05 AM UTC 1: Discord starting: {"releaseChannel":"stable","version":"0.0.119"}, modulepath: /home/anth/.config/discord/0.0.119/modules
12/27/2025, 1:39:05 AM UTC 2: ✅ webContents.created web1 ""
12/27/2025, 1:39:05 AM UTC 3: ✅ window.created win1 "discord"
12/27/2025, 1:39:05 AM UTC 4: ✅ webContents.did-finish-load web1
12/27/2025, 1:39:15 AM UTC 5: ✅ webContents.created web2 ""
12/27/2025, 1:39:15 AM UTC 6: ✅ window.created win2 "Discord"
12/27/2025, 1:39:17 AM UTC 7: ✅ webContents.did-finish-load web2
12/27/2025, 1:39:19 AM UTC 8: window.close win1
12/27/2025, 1:39:19 AM UTC 9: webContents.destroyed web1
12/27/2025, 1:39:19 AM UTC 10: window.closed win1
12/27/2025, 1:46:52 AM UTC 11: window.close win2
12/27/2025, 2:00:11 AM UTC 0: 

----------------------------------------------
12/27/2025, 2:00:11 AM UTC 1: Discord starting: {"releaseChannel":"stable","version":"0.0.119"}, modulepath: /home/anth/.config/discord/0.0.119/modules
12/27/2025, 2:09:43 AM UTC 12: window.close win2
12/27/2025, 2:25:27 AM UTC 0: 

----------------------------------------------
12/27/2025, 2:25:27 AM UTC 1: Discord starting: {"releaseChannel":"stable","version":"0.0.119"}, modulepath: /home/anth/.config/discord/0.0.119/modules
12/27/2025, 2:31:39 AM UTC 13: window.close win2
12/27/2025, 2:32:00 AM UTC 14: before-quit
12/27/2025, 2:32:00 AM UTC 15: window.close win2
12/27/2025, 2:32:00 AM UTC 16: ❌ child-process-gone {
  type: 'Utility',
  reason: 'killed',
  exitCode: 15,
  serviceName: 'network.mojom.NetworkService',
  name: 'Network Service'
}
12/27/2025, 2:32:00 AM UTC 17: ❌ child-process-gone {
  type: 'Utility',
  reason: 'killed',
  exitCode: 15,
  serviceName: 'audio.mojom.AudioService',
  name: 'Audio Service'
}
